Build started 2/12/2015 15:33:45 PM.
     1>Project "D:\Dokument\LiTH\TSBK03\CUDA-Fluid-Simulation\CUDA-Fluid-Simulation\CUDA-Fluid-Simulation\CUDA-Fluid-Simulation_vs2013.vcxproj" on node 2 (Build target(s)).
     1>C:\Program Files (x86)\MSBuild\Microsoft.Cpp\v4.0\V120\Microsoft.CppBuild.targets(381,5): warning MSB8028: The intermediate directory (x64/Debug/) contains files shared from another project (fluidsGL.vcxproj).  This can lead to incorrect clean and rebuild behavior.
     1>AddCudaCompileDeps:
         C:\Program Files (x86)\Microsoft Visual Studio 12.0\VC\bin\x86_amd64\cl.exe /E /nologo /showIncludes /TP /D__CUDACC__ /DWIN32 /DWIN32 /D_MBCS /D_MBCS /I./ /I../../common/inc /I./ /I"C:\Program Files\NVIDIA GPU Computing Toolkit\CUDA\v7.5\/include" /I../../common/inc /I"C:\Program Files\NVIDIA GPU Computing Toolkit\CUDA\v7.5\include" /I"C:\Program Files\NVIDIA GPU Computing Toolkit\CUDA\v7.5\bin" /I"C:\Program Files\NVIDIA GPU Computing Toolkit\CUDA\v7.5\include" /I. /FIcuda_runtime.h /c D:\Dokument\LiTH\TSBK03\CUDA-Fluid-Simulation\CUDA-Fluid-Simulation\CUDA-Fluid-Simulation\CUDA-Fluid-Simulation_kernels.cu 
       CudaBuild:
         Compiling CUDA source file CUDA-Fluid-Simulation_kernels.cu...
         cmd.exe /C "C:\Users\Martin\AppData\Local\Temp\tmp36269a97379a424888f92d4a3f9623a4.cmd"
         "C:\Program Files\NVIDIA GPU Computing Toolkit\CUDA\v7.5\bin\nvcc.exe" -gencode=arch=compute_20,code=\"sm_20,compute_20\" -gencode=arch=compute_30,code=\"sm_30,compute_30\" -gencode=arch=compute_35,code=\"sm_35,compute_35\" -gencode=arch=compute_37,code=\"sm_37,compute_37\" -gencode=arch=compute_50,code=\"sm_50,compute_50\" -gencode=arch=compute_52,code=\"sm_52,compute_52\" --use-local-env --cl-version 2013 -ccbin "C:\Program Files (x86)\Microsoft Visual Studio 12.0\VC\bin\x86_amd64"  -I./ -I../../common/inc -I./ -I"C:\Program Files\NVIDIA GPU Computing Toolkit\CUDA\v7.5\/include" -I../../common/inc -I"C:\Program Files\NVIDIA GPU Computing Toolkit\CUDA\v7.5\include" -I"C:\Program Files\NVIDIA GPU Computing Toolkit\CUDA\v7.5\include"  -G   --keep-dir x64\Debug -maxrregcount=0  --machine 64 --compile -cudart static -Xcompiler "/wd 4819"  -g   -DWIN32 -DWIN32 -D_MBCS -D_MBCS -Xcompiler "/EHsc /W3 /nologo /Od /Zi /RTC1 /MTd " -o x64/Debug/CUDA-Fluid-Simulation_kernels.cu.obj "D:\Dokument\LiTH\TSBK03\CUDA-Fluid-Simulation\CUDA-Fluid-Simulation\CUDA-Fluid-Simulation\CUDA-Fluid-Simulation_kernels.cu"
         
         D:\Dokument\LiTH\TSBK03\CUDA-Fluid-Simulation\CUDA-Fluid-Simulation\CUDA-Fluid-Simulation>"C:\Program Files\NVIDIA GPU Computing Toolkit\CUDA\v7.5\bin\nvcc.exe" -gencode=arch=compute_20,code=\"sm_20,compute_20\" -gencode=arch=compute_30,code=\"sm_30,compute_30\" -gencode=arch=compute_35,code=\"sm_35,compute_35\" -gencode=arch=compute_37,code=\"sm_37,compute_37\" -gencode=arch=compute_50,code=\"sm_50,compute_50\" -gencode=arch=compute_52,code=\"sm_52,compute_52\" --use-local-env --cl-version 2013 -ccbin "C:\Program Files (x86)\Microsoft Visual Studio 12.0\VC\bin\x86_amd64"  -I./ -I../../common/inc -I./ -I"C:\Program Files\NVIDIA GPU Computing Toolkit\CUDA\v7.5\/include" -I../../common/inc -I"C:\Program Files\NVIDIA GPU Computing Toolkit\CUDA\v7.5\include" -I"C:\Program Files\NVIDIA GPU Computing Toolkit\CUDA\v7.5\include"  -G   --keep-dir x64\Debug -maxrregcount=0  --machine 64 --compile -cudart static -Xcompiler "/wd 4819"  -g   -DWIN32 -DWIN32 -D_MBCS -D_MBCS -Xcompiler "/EHsc /W3 /nologo /Od /Zi /RTC1 /MTd " -o x64/Debug/CUDA-Fluid-Simulation_kernels.cu.obj "D:\Dokument\LiTH\TSBK03\CUDA-Fluid-Simulation\CUDA-Fluid-Simulation\CUDA-Fluid-Simulation\CUDA-Fluid-Simulation_kernels.cu" 
         CUDA-Fluid-Simulation_kernels.cu
     1>D:/Dokument/LiTH/TSBK03/CUDA-Fluid-Simulation/CUDA-Fluid-Simulation/CUDA-Fluid-Simulation/CUDA-Fluid-Simulation_kernels.cu(105): warning C4244: 'argument' : conversion from 'double' to 'unsigned int', possible loss of data
       ClCompile:
         C:\Program Files (x86)\Microsoft Visual Studio 12.0\VC\bin\x86_amd64\CL.exe /c /I./ /I"C:\Program Files\NVIDIA GPU Computing Toolkit\CUDA\v7.5\/include" /I../../common/inc /I"C:\Program Files\NVIDIA GPU Computing Toolkit\CUDA\v7.5\include" /Zi /nologo /W3 /WX- /Od /D WIN32 /D _MBCS /D _MBCS /Gm /EHsc /RTC1 /MTd /GS /fp:precise /Zc:wchar_t /Zc:forScope /Fo"x64/Debug/" /Fd"x64/Debug/vc120.pdb" /Gd /TP /errorReport:prompt "CUDA-Fluid-Simulation.cpp"
         CUDA-Fluid-Simulation.cpp
     1>C:\Program Files (x86)\Microsoft Visual Studio 12.0\VC\include\xutility(2904): warning C4244: 'initializing' : conversion from '__int64' to 'ptrdiff_t', possible loss of data
     1>C:\Program Files (x86)\Microsoft Visual Studio 12.0\VC\include\xutility(2905): warning C4244: 'initializing' : conversion from '__int64' to 'ptrdiff_t', possible loss of data
     1>C:\Program Files (x86)\Microsoft Visual Studio 12.0\VC\include\xstring(1297): warning C4267: 'argument' : conversion from 'size_t' to 'int', possible loss of data
                 C:\Program Files (x86)\Microsoft Visual Studio 12.0\VC\include\xstring(1294) : while compiling class template member function 'std::_String_iterator<std::_String_val<std::_Simple_types<char>>> std::basic_string<char,std::char_traits<char>,std::allocator<char>>::insert(std::_String_const_iterator<std::_String_val<std::_Simple_types<char>>>,_Elem)'
                 with
                 [
                     _Elem=char
                 ]
                 C:\Program Files (x86)\Microsoft Visual Studio 12.0\VC\include\xstring(1709) : see reference to function template instantiation 'std::_String_iterator<std::_String_val<std::_Simple_types<char>>> std::basic_string<char,std::char_traits<char>,std::allocator<char>>::insert(std::_String_const_iterator<std::_String_val<std::_Simple_types<char>>>,_Elem)' being compiled
                 with
                 [
                     _Elem=char
                 ]
                 C:\Program Files (x86)\Microsoft Visual Studio 12.0\VC\include\stdexcept(31) : see reference to class template instantiation 'std::basic_string<char,std::char_traits<char>,std::allocator<char>>' being compiled
     1>C:\Program Files (x86)\Microsoft Visual Studio 12.0\VC\include\xstring(204): warning C4244: 'return' : conversion from '__int64' to 'int', possible loss of data
                 C:\Program Files (x86)\Microsoft Visual Studio 12.0\VC\include\xstring(202) : while compiling class template member function 'int std::_String_const_iterator<std::_String_val<std::_Simple_types<char>>>::operator -(const std::_String_const_iterator<std::_String_val<std::_Simple_types<char>>> &) const'
                 C:\Program Files (x86)\Microsoft Visual Studio 12.0\VC\include\xstring(2267) : see reference to function template instantiation 'int std::_String_const_iterator<std::_String_val<std::_Simple_types<char>>>::operator -(const std::_String_const_iterator<std::_String_val<std::_Simple_types<char>>> &) const' being compiled
                 D:\Dokument\LiTH\TSBK03\CUDA-Fluid-Simulation\common\inc\helper_string.h(461) : see reference to class template instantiation 'std::_String_const_iterator<std::_String_val<std::_Simple_types<char>>>' being compiled
       Link:
         C:\Program Files (x86)\Microsoft Visual Studio 12.0\VC\bin\x86_amd64\link.exe /ERRORREPORT:PROMPT /OUT:"../../bin/win64/Debug//CUDA-Fluid-Simulation.exe" /INCREMENTAL /NOLOGO /LIBPATH:"C:\Program Files\NVIDIA GPU Computing Toolkit\CUDA\v7.5\lib\x64" /LIBPATH:../../common/lib/x64 glew64.lib cufft.lib cudart_static.lib freeglut.lib kernel32.lib user32.lib gdi32.lib winspool.lib comdlg32.lib advapi32.lib shell32.lib ole32.lib oleaut32.lib uuid.lib odbc32.lib odbccp32.lib kernel32.lib user32.lib gdi32.lib winspool.lib comdlg32.lib advapi32.lib shell32.lib ole32.lib oleaut32.lib uuid.lib odbc32.lib odbccp32.lib /MANIFEST /MANIFESTUAC:"level='asInvoker' uiAccess='false'" /manifest:embed /DEBUG /PDB:"../../bin/win64/Debug/CUDA-Fluid-Simulation.pdb" /SUBSYSTEM:CONSOLE /TLBID:1 /DYNAMICBASE /NXCOMPAT /IMPLIB:"../../bin/win64/Debug/CUDA-Fluid-Simulation.lib" /MACHINE:X64 "x64/Debug/CUDA-Fluid-Simulation_kernels.cu.obj"
         "x64/Debug/CUDA-Fluid-Simulation.obj"
         x64/Debug/shaders.obj
         CUDA-Fluid-Simulation_vs2013.vcxproj -> D:\Dokument\LiTH\TSBK03\CUDA-Fluid-Simulation\CUDA-Fluid-Simulation\CUDA-Fluid-Simulation\../../bin/win64/Debug/CUDA-Fluid-Simulation.exe
     1>Done Building Project "D:\Dokument\LiTH\TSBK03\CUDA-Fluid-Simulation\CUDA-Fluid-Simulation\CUDA-Fluid-Simulation\CUDA-Fluid-Simulation_vs2013.vcxproj" (Build target(s)).

Build succeeded.

Time Elapsed 00:00:25.11
