Build started 2/11/2015 14:18:20 PM.
     1>Project "C:\ProgramData\NVIDIA Corporation\CUDA Samples\v7.5\5_Simulations\fluidsGL\fluidsGL_vs2013.vcxproj" on node 2 (Build target(s)).
     1>AddCudaCompileDeps:
         C:\Program Files (x86)\Microsoft Visual Studio 12.0\VC\bin\x86_amd64\cl.exe /E /nologo /showIncludes /TP /D__CUDACC__ /DWIN32 /DWIN32 /D_MBCS /D_MBCS /I./ /I../../common/inc /I./ /I"C:\Program Files\NVIDIA GPU Computing Toolkit\CUDA\v7.5\/include" /I../../common/inc /I"C:\Program Files\NVIDIA GPU Computing Toolkit\CUDA\v7.5\include" /I"C:\Program Files\NVIDIA GPU Computing Toolkit\CUDA\v7.5\bin" /I"C:\Program Files\NVIDIA GPU Computing Toolkit\CUDA\v7.5\include" /I. /FIcuda_runtime.h /c "C:\ProgramData\NVIDIA Corporation\CUDA Samples\v7.5\5_Simulations\fluidsGL\fluidsGL_kernels.cu" 
       CudaBuild:
         Compiling CUDA source file fluidsGL_kernels.cu...
         cmd.exe /C "C:\Users\Martin\AppData\Local\Temp\tmpf8da8718b73b42eda9c541a65ab8692d.cmd"
         "C:\Program Files\NVIDIA GPU Computing Toolkit\CUDA\v7.5\bin\nvcc.exe" -gencode=arch=compute_20,code=\"sm_20,compute_20\" -gencode=arch=compute_30,code=\"sm_30,compute_30\" -gencode=arch=compute_35,code=\"sm_35,compute_35\" -gencode=arch=compute_37,code=\"sm_37,compute_37\" -gencode=arch=compute_50,code=\"sm_50,compute_50\" -gencode=arch=compute_52,code=\"sm_52,compute_52\" --use-local-env --cl-version 2013 -ccbin "C:\Program Files (x86)\Microsoft Visual Studio 12.0\VC\bin\x86_amd64"  -I./ -I../../common/inc -I./ -I"C:\Program Files\NVIDIA GPU Computing Toolkit\CUDA\v7.5\/include" -I../../common/inc -I"C:\Program Files\NVIDIA GPU Computing Toolkit\CUDA\v7.5\include" -I"C:\Program Files\NVIDIA GPU Computing Toolkit\CUDA\v7.5\include"     --keep-dir x64\Release -maxrregcount=0  --machine 64 --compile -cudart static -Xcompiler "/wd 4819"     -DWIN32 -DWIN32 -D_MBCS -D_MBCS -Xcompiler "/EHsc /W3 /nologo /O2 /Zi  /MT " -o x64/Release/fluidsGL_kernels.cu.obj "C:\ProgramData\NVIDIA Corporation\CUDA Samples\v7.5\5_Simulations\fluidsGL\fluidsGL_kernels.cu"
         
         C:\ProgramData\NVIDIA Corporation\CUDA Samples\v7.5\5_Simulations\fluidsGL>"C:\Program Files\NVIDIA GPU Computing Toolkit\CUDA\v7.5\bin\nvcc.exe" -gencode=arch=compute_20,code=\"sm_20,compute_20\" -gencode=arch=compute_30,code=\"sm_30,compute_30\" -gencode=arch=compute_35,code=\"sm_35,compute_35\" -gencode=arch=compute_37,code=\"sm_37,compute_37\" -gencode=arch=compute_50,code=\"sm_50,compute_50\" -gencode=arch=compute_52,code=\"sm_52,compute_52\" --use-local-env --cl-version 2013 -ccbin "C:\Program Files (x86)\Microsoft Visual Studio 12.0\VC\bin\x86_amd64"  -I./ -I../../common/inc -I./ -I"C:\Program Files\NVIDIA GPU Computing Toolkit\CUDA\v7.5\/include" -I../../common/inc -I"C:\Program Files\NVIDIA GPU Computing Toolkit\CUDA\v7.5\include" -I"C:\Program Files\NVIDIA GPU Computing Toolkit\CUDA\v7.5\include"     --keep-dir x64\Release -maxrregcount=0  --machine 64 --compile -cudart static -Xcompiler "/wd 4819"     -DWIN32 -DWIN32 -D_MBCS -D_MBCS -Xcompiler "/EHsc /W3 /nologo /O2 /Zi  /MT " -o x64/Release/fluidsGL_kernels.cu.obj "C:\ProgramData\NVIDIA Corporation\CUDA Samples\v7.5\5_Simulations\fluidsGL\fluidsGL_kernels.cu" 
         fluidsGL_kernels.cu
       ClCompile:
         C:\Program Files (x86)\Microsoft Visual Studio 12.0\VC\bin\x86_amd64\CL.exe /c /I./ /I"C:\Program Files\NVIDIA GPU Computing Toolkit\CUDA\v7.5\/include" /I../../common/inc /I"C:\Program Files\NVIDIA GPU Computing Toolkit\CUDA\v7.5\include" /Zi /nologo /W3 /WX- /O2 /GL /D WIN32 /D _MBCS /D _MBCS /Gm- /EHsc /MT /GS /fp:precise /Zc:wchar_t /Zc:forScope /Fo"x64/Release/" /Fd"x64/Release/vc120.pdb" /Gd /TP /errorReport:prompt fluidsGL.cpp
         fluidsGL.cpp
     1>C:\Program Files (x86)\Microsoft Visual Studio 12.0\VC\include\xutility(2904): warning C4244: 'initializing' : conversion from '__int64' to 'ptrdiff_t', possible loss of data
     1>C:\Program Files (x86)\Microsoft Visual Studio 12.0\VC\include\xutility(2905): warning C4244: 'initializing' : conversion from '__int64' to 'ptrdiff_t', possible loss of data
     1>C:\Program Files (x86)\Microsoft Visual Studio 12.0\VC\include\xstring(1297): warning C4267: 'argument' : conversion from 'size_t' to 'int', possible loss of data
                 C:\Program Files (x86)\Microsoft Visual Studio 12.0\VC\include\xstring(1294) : while compiling class template member function 'std::_String_iterator<std::_String_val<std::_Simple_types<char>>> std::basic_string<char,std::char_traits<char>,std::allocator<char>>::insert(std::_String_const_iterator<std::_String_val<std::_Simple_types<char>>>,_Elem)'
                 with
                 [
                     _Elem=char
                 ]
                 C:\Program Files (x86)\Microsoft Visual Studio 12.0\VC\include\xstring(1709) : see reference to function template instantiation 'std::_String_iterator<std::_String_val<std::_Simple_types<char>>> std::basic_string<char,std::char_traits<char>,std::allocator<char>>::insert(std::_String_const_iterator<std::_String_val<std::_Simple_types<char>>>,_Elem)' being compiled
                 with
                 [
                     _Elem=char
                 ]
                 C:\Program Files (x86)\Microsoft Visual Studio 12.0\VC\include\stdexcept(31) : see reference to class template instantiation 'std::basic_string<char,std::char_traits<char>,std::allocator<char>>' being compiled
     1>C:\Program Files (x86)\Microsoft Visual Studio 12.0\VC\include\xstring(204): warning C4244: 'return' : conversion from '__int64' to 'int', possible loss of data
                 C:\Program Files (x86)\Microsoft Visual Studio 12.0\VC\include\xstring(202) : while compiling class template member function 'int std::_String_const_iterator<std::_String_val<std::_Simple_types<char>>>::operator -(const std::_String_const_iterator<std::_String_val<std::_Simple_types<char>>> &) const'
                 C:\Program Files (x86)\Microsoft Visual Studio 12.0\VC\include\xstring(2267) : see reference to function template instantiation 'int std::_String_const_iterator<std::_String_val<std::_Simple_types<char>>>::operator -(const std::_String_const_iterator<std::_String_val<std::_Simple_types<char>>> &) const' being compiled
                 C:\ProgramData\NVIDIA Corporation\CUDA Samples\v7.5\common\inc\helper_string.h(461) : see reference to class template instantiation 'std::_String_const_iterator<std::_String_val<std::_Simple_types<char>>>' being compiled
       Link:
         C:\Program Files (x86)\Microsoft Visual Studio 12.0\VC\bin\x86_amd64\link.exe /ERRORREPORT:PROMPT /OUT:"../../bin/win64/Release//fluidsGL.exe" /NOLOGO /LIBPATH:"C:\Program Files\NVIDIA GPU Computing Toolkit\CUDA\v7.5\lib\x64" /LIBPATH:../../common/lib/x64 glew64.lib cufft.lib cudart_static.lib freeglut.lib kernel32.lib user32.lib gdi32.lib winspool.lib comdlg32.lib advapi32.lib shell32.lib ole32.lib oleaut32.lib uuid.lib odbc32.lib odbccp32.lib kernel32.lib user32.lib gdi32.lib winspool.lib comdlg32.lib advapi32.lib shell32.lib ole32.lib oleaut32.lib uuid.lib odbc32.lib odbccp32.lib /MANIFEST /MANIFESTUAC:"level='asInvoker' uiAccess='false'" /manifest:embed /PDB:"../../bin/win64/Release/fluidsGL.pdb" /SUBSYSTEM:CONSOLE /LTCG /TLBID:1 /DYNAMICBASE /NXCOMPAT /IMPLIB:"../../bin/win64/Release/fluidsGL.lib" /MACHINE:X64 x64/Release/fluidsGL_kernels.cu.obj
         x64/Release/fluidsGL.obj
            Creating library ../../bin/win64/Release/fluidsGL.lib and object ../../bin/win64/Release/fluidsGL.exp
         Generating code
         Finished generating code
         fluidsGL_vs2013.vcxproj -> C:\ProgramData\NVIDIA Corporation\CUDA Samples\v7.5\5_Simulations\fluidsGL\../../bin/win64/Release/fluidsGL.exe
     1>Done Building Project "C:\ProgramData\NVIDIA Corporation\CUDA Samples\v7.5\5_Simulations\fluidsGL\fluidsGL_vs2013.vcxproj" (Build target(s)).

Build succeeded.

Time Elapsed 00:00:28.71
